<?xml version="1.0" encoding="UTF-8"?>
<testsuite xmlns:xsi="http://www.w3.org/2001/XMLSchema-instance" xsi:noNamespaceSchemaLocation="https://maven.apache.org/surefire/maven-surefire-plugin/xsd/surefire-test-report.xsd" version="3.0.2" name="com.nisum.productDashboard.integration.ProductControllerIntegrationTest" time="10.511" tests="16" errors="0" skipped="0" failures="0">
  <properties>
    <property name="java.specification.version" value="24"/>
    <property name="sun.cpu.isalist" value="amd64"/>
    <property name="sun.jnu.encoding" value="Cp1252"/>
    <property name="java.class.path" value="C:\Users\linar\OneDrive\Desktop\Nisum\Sprint 3\Day 7\productDashboard\target\test-classes;C:\Users\linar\OneDrive\Desktop\Nisum\Sprint 3\Day 7\productDashboard\target\classes;C:\Users\linar\.m2\repository\org\springframework\boot\spring-boot-starter-data-jpa\3.5.3\spring-boot-starter-data-jpa-3.5.3.jar;C:\Users\linar\.m2\repository\org\springframework\boot\spring-boot-starter\3.5.3\spring-boot-starter-3.5.3.jar;C:\Users\linar\.m2\repository\org\springframework\boot\spring-boot-starter-logging\3.5.3\spring-boot-starter-logging-3.5.3.jar;C:\Users\linar\.m2\repository\ch\qos\logback\logback-classic\1.5.18\logback-classic-1.5.18.jar;C:\Users\linar\.m2\repository\ch\qos\logback\logback-core\1.5.18\logback-core-1.5.18.jar;C:\Users\linar\.m2\repository\org\apache\logging\log4j\log4j-to-slf4j\2.24.3\log4j-to-slf4j-2.24.3.jar;C:\Users\linar\.m2\repository\org\apache\logging\log4j\log4j-api\2.24.3\log4j-api-2.24.3.jar;C:\Users\linar\.m2\repository\org\slf4j\jul-to-slf4j\2.0.17\jul-to-slf4j-2.0.17.jar;C:\Users\linar\.m2\repository\jakarta\annotation\jakarta.annotation-api\2.1.1\jakarta.annotation-api-2.1.1.jar;C:\Users\linar\.m2\repository\org\yaml\snakeyaml\2.4\snakeyaml-2.4.jar;C:\Users\linar\.m2\repository\org\springframework\boot\spring-boot-starter-jdbc\3.5.3\spring-boot-starter-jdbc-3.5.3.jar;C:\Users\linar\.m2\repository\com\zaxxer\HikariCP\6.3.0\HikariCP-6.3.0.jar;C:\Users\linar\.m2\repository\org\springframework\spring-jdbc\6.2.8\spring-jdbc-6.2.8.jar;C:\Users\linar\.m2\repository\org\hibernate\orm\hibernate-core\6.6.18.Final\hibernate-core-6.6.18.Final.jar;C:\Users\linar\.m2\repository\jakarta\persistence\jakarta.persistence-api\3.1.0\jakarta.persistence-api-3.1.0.jar;C:\Users\linar\.m2\repository\jakarta\transaction\jakarta.transaction-api\2.0.1\jakarta.transaction-api-2.0.1.jar;C:\Users\linar\.m2\repository\org\jboss\logging\jboss-logging\3.6.1.Final\jboss-logging-3.6.1.Final.jar;C:\Users\linar\.m2\repository\org\hibernate\common\hibernate-commons-annotations\7.0.3.Final\hibernate-commons-annotations-7.0.3.Final.jar;C:\Users\linar\.m2\repository\io\smallrye\jandex\3.2.0\jandex-3.2.0.jar;C:\Users\linar\.m2\repository\com\fasterxml\classmate\1.7.0\classmate-1.7.0.jar;C:\Users\linar\.m2\repository\net\bytebuddy\byte-buddy\1.17.6\byte-buddy-1.17.6.jar;C:\Users\linar\.m2\repository\org\glassfish\jaxb\jaxb-runtime\4.0.5\jaxb-runtime-4.0.5.jar;C:\Users\linar\.m2\repository\org\glassfish\jaxb\jaxb-core\4.0.5\jaxb-core-4.0.5.jar;C:\Users\linar\.m2\repository\org\eclipse\angus\angus-activation\2.0.2\angus-activation-2.0.2.jar;C:\Users\linar\.m2\repository\org\glassfish\jaxb\txw2\4.0.5\txw2-4.0.5.jar;C:\Users\linar\.m2\repository\com\sun\istack\istack-commons-runtime\4.1.2\istack-commons-runtime-4.1.2.jar;C:\Users\linar\.m2\repository\jakarta\inject\jakarta.inject-api\2.0.1\jakarta.inject-api-2.0.1.jar;C:\Users\linar\.m2\repository\org\antlr\antlr4-runtime\4.13.0\antlr4-runtime-4.13.0.jar;C:\Users\linar\.m2\repository\org\springframework\data\spring-data-jpa\3.5.1\spring-data-jpa-3.5.1.jar;C:\Users\linar\.m2\repository\org\springframework\data\spring-data-commons\3.5.1\spring-data-commons-3.5.1.jar;C:\Users\linar\.m2\repository\org\springframework\spring-orm\6.2.8\spring-orm-6.2.8.jar;C:\Users\linar\.m2\repository\org\springframework\spring-context\6.2.8\spring-context-6.2.8.jar;C:\Users\linar\.m2\repository\org\springframework\spring-aop\6.2.8\spring-aop-6.2.8.jar;C:\Users\linar\.m2\repository\org\springframework\spring-tx\6.2.8\spring-tx-6.2.8.jar;C:\Users\linar\.m2\repository\org\springframework\spring-beans\6.2.8\spring-beans-6.2.8.jar;C:\Users\linar\.m2\repository\org\slf4j\slf4j-api\2.0.17\slf4j-api-2.0.17.jar;C:\Users\linar\.m2\repository\org\springframework\spring-aspects\6.2.8\spring-aspects-6.2.8.jar;C:\Users\linar\.m2\repository\org\aspectj\aspectjweaver\1.9.24\aspectjweaver-1.9.24.jar;C:\Users\linar\.m2\repository\org\springframework\boot\spring-boot-starter-web\3.5.3\spring-boot-starter-web-3.5.3.jar;C:\Users\linar\.m2\repository\org\springframework\boot\spring-boot-starter-json\3.5.3\spring-boot-starter-json-3.5.3.jar;C:\Users\linar\.m2\repository\com\fasterxml\jackson\core\jackson-databind\2.19.1\jackson-databind-2.19.1.jar;C:\Users\linar\.m2\repository\com\fasterxml\jackson\core\jackson-annotations\2.19.1\jackson-annotations-2.19.1.jar;C:\Users\linar\.m2\repository\com\fasterxml\jackson\core\jackson-core\2.19.1\jackson-core-2.19.1.jar;C:\Users\linar\.m2\repository\com\fasterxml\jackson\datatype\jackson-datatype-jdk8\2.19.1\jackson-datatype-jdk8-2.19.1.jar;C:\Users\linar\.m2\repository\com\fasterxml\jackson\datatype\jackson-datatype-jsr310\2.19.1\jackson-datatype-jsr310-2.19.1.jar;C:\Users\linar\.m2\repository\com\fasterxml\jackson\module\jackson-module-parameter-names\2.19.1\jackson-module-parameter-names-2.19.1.jar;C:\Users\linar\.m2\repository\org\springframework\boot\spring-boot-starter-tomcat\3.5.3\spring-boot-starter-tomcat-3.5.3.jar;C:\Users\linar\.m2\repository\org\apache\tomcat\embed\tomcat-embed-core\10.1.42\tomcat-embed-core-10.1.42.jar;C:\Users\linar\.m2\repository\org\apache\tomcat\embed\tomcat-embed-websocket\10.1.42\tomcat-embed-websocket-10.1.42.jar;C:\Users\linar\.m2\repository\org\springframework\spring-web\6.2.8\spring-web-6.2.8.jar;C:\Users\linar\.m2\repository\io\micrometer\micrometer-observation\1.15.1\micrometer-observation-1.15.1.jar;C:\Users\linar\.m2\repository\io\micrometer\micrometer-commons\1.15.1\micrometer-commons-1.15.1.jar;C:\Users\linar\.m2\repository\org\springframework\spring-webmvc\6.2.8\spring-webmvc-6.2.8.jar;C:\Users\linar\.m2\repository\org\springframework\spring-expression\6.2.8\spring-expression-6.2.8.jar;C:\Users\linar\.m2\repository\org\springframework\boot\spring-boot-starter-validation\3.5.3\spring-boot-starter-validation-3.5.3.jar;C:\Users\linar\.m2\repository\org\apache\tomcat\embed\tomcat-embed-el\10.1.42\tomcat-embed-el-10.1.42.jar;C:\Users\linar\.m2\repository\org\hibernate\validator\hibernate-validator\8.0.2.Final\hibernate-validator-8.0.2.Final.jar;C:\Users\linar\.m2\repository\jakarta\validation\jakarta.validation-api\3.0.2\jakarta.validation-api-3.0.2.jar;C:\Users\linar\.m2\repository\org\springframework\boot\spring-boot-devtools\3.5.3\spring-boot-devtools-3.5.3.jar;C:\Users\linar\.m2\repository\org\springframework\boot\spring-boot\3.5.3\spring-boot-3.5.3.jar;C:\Users\linar\.m2\repository\org\springframework\boot\spring-boot-autoconfigure\3.5.3\spring-boot-autoconfigure-3.5.3.jar;C:\Users\linar\.m2\repository\com\h2database\h2\2.3.232\h2-2.3.232.jar;C:\Users\linar\.m2\repository\org\springframework\boot\spring-boot-starter-test\3.5.3\spring-boot-starter-test-3.5.3.jar;C:\Users\linar\.m2\repository\org\springframework\boot\spring-boot-test\3.5.3\spring-boot-test-3.5.3.jar;C:\Users\linar\.m2\repository\org\springframework\boot\spring-boot-test-autoconfigure\3.5.3\spring-boot-test-autoconfigure-3.5.3.jar;C:\Users\linar\.m2\repository\com\jayway\jsonpath\json-path\2.9.0\json-path-2.9.0.jar;C:\Users\linar\.m2\repository\jakarta\xml\bind\jakarta.xml.bind-api\4.0.2\jakarta.xml.bind-api-4.0.2.jar;C:\Users\linar\.m2\repository\jakarta\activation\jakarta.activation-api\2.1.3\jakarta.activation-api-2.1.3.jar;C:\Users\linar\.m2\repository\net\minidev\json-smart\2.5.2\json-smart-2.5.2.jar;C:\Users\linar\.m2\repository\net\minidev\accessors-smart\2.5.2\accessors-smart-2.5.2.jar;C:\Users\linar\.m2\repository\org\ow2\asm\asm\9.7.1\asm-9.7.1.jar;C:\Users\linar\.m2\repository\org\assertj\assertj-core\3.27.3\assertj-core-3.27.3.jar;C:\Users\linar\.m2\repository\org\awaitility\awaitility\4.2.2\awaitility-4.2.2.jar;C:\Users\linar\.m2\repository\org\hamcrest\hamcrest\3.0\hamcrest-3.0.jar;C:\Users\linar\.m2\repository\org\junit\jupiter\junit-jupiter\5.12.2\junit-jupiter-5.12.2.jar;C:\Users\linar\.m2\repository\org\junit\jupiter\junit-jupiter-api\5.12.2\junit-jupiter-api-5.12.2.jar;C:\Users\linar\.m2\repository\org\opentest4j\opentest4j\1.3.0\opentest4j-1.3.0.jar;C:\Users\linar\.m2\repository\org\junit\platform\junit-platform-commons\1.12.2\junit-platform-commons-1.12.2.jar;C:\Users\linar\.m2\repository\org\apiguardian\apiguardian-api\1.1.2\apiguardian-api-1.1.2.jar;C:\Users\linar\.m2\repository\org\junit\jupiter\junit-jupiter-params\5.12.2\junit-jupiter-params-5.12.2.jar;C:\Users\linar\.m2\repository\org\junit\jupiter\junit-jupiter-engine\5.12.2\junit-jupiter-engine-5.12.2.jar;C:\Users\linar\.m2\repository\org\junit\platform\junit-platform-engine\1.12.2\junit-platform-engine-1.12.2.jar;C:\Users\linar\.m2\repository\org\mockito\mockito-core\5.17.0\mockito-core-5.17.0.jar;C:\Users\linar\.m2\repository\net\bytebuddy\byte-buddy-agent\1.17.6\byte-buddy-agent-1.17.6.jar;C:\Users\linar\.m2\repository\org\objenesis\objenesis\3.3\objenesis-3.3.jar;C:\Users\linar\.m2\repository\org\mockito\mockito-junit-jupiter\5.17.0\mockito-junit-jupiter-5.17.0.jar;C:\Users\linar\.m2\repository\org\skyscreamer\jsonassert\1.5.3\jsonassert-1.5.3.jar;C:\Users\linar\.m2\repository\com\vaadin\external\google\android-json\0.0.20131108.vaadin1\android-json-0.0.20131108.vaadin1.jar;C:\Users\linar\.m2\repository\org\springframework\spring-core\6.2.8\spring-core-6.2.8.jar;C:\Users\linar\.m2\repository\org\springframework\spring-jcl\6.2.8\spring-jcl-6.2.8.jar;C:\Users\linar\.m2\repository\org\springframework\spring-test\6.2.8\spring-test-6.2.8.jar;C:\Users\linar\.m2\repository\org\xmlunit\xmlunit-core\2.10.2\xmlunit-core-2.10.2.jar;"/>
    <property name="java.vm.vendor" value="Oracle Corporation"/>
    <property name="sun.arch.data.model" value="64"/>
    <property name="user.variant" value=""/>
    <property name="java.vendor.url" value="https://java.oracle.com/"/>
    <property name="user.timezone" value="Asia/Calcutta"/>
    <property name="org.jboss.logging.provider" value="slf4j"/>
    <property name="os.name" value="Windows 11"/>
    <property name="java.vm.specification.version" value="24"/>
    <property name="APPLICATION_NAME" value="productDashboard-test"/>
    <property name="sun.java.launcher" value="SUN_STANDARD"/>
    <property name="user.country" value="IN"/>
    <property name="sun.boot.library.path" value="C:\Program Files\Java\jdk-24\bin"/>
    <property name="sun.java.command" value="C:\Users\linar\AppData\Local\Temp\surefire15491329464611231033\surefirebooter-20250629094612020_3.jar C:\Users\linar\AppData\Local\Temp\surefire15491329464611231033 2025-06-29T09-46-11_825-jvmRun1 surefire-20250629094612020_1tmp surefire_0-20250629094612020_2tmp"/>
    <property name="jdk.debug" value="release"/>
    <property name="surefire.test.class.path" value="C:\Users\linar\OneDrive\Desktop\Nisum\Sprint 3\Day 7\productDashboard\target\test-classes;C:\Users\linar\OneDrive\Desktop\Nisum\Sprint 3\Day 7\productDashboard\target\classes;C:\Users\linar\.m2\repository\org\springframework\boot\spring-boot-starter-data-jpa\3.5.3\spring-boot-starter-data-jpa-3.5.3.jar;C:\Users\linar\.m2\repository\org\springframework\boot\spring-boot-starter\3.5.3\spring-boot-starter-3.5.3.jar;C:\Users\linar\.m2\repository\org\springframework\boot\spring-boot-starter-logging\3.5.3\spring-boot-starter-logging-3.5.3.jar;C:\Users\linar\.m2\repository\ch\qos\logback\logback-classic\1.5.18\logback-classic-1.5.18.jar;C:\Users\linar\.m2\repository\ch\qos\logback\logback-core\1.5.18\logback-core-1.5.18.jar;C:\Users\linar\.m2\repository\org\apache\logging\log4j\log4j-to-slf4j\2.24.3\log4j-to-slf4j-2.24.3.jar;C:\Users\linar\.m2\repository\org\apache\logging\log4j\log4j-api\2.24.3\log4j-api-2.24.3.jar;C:\Users\linar\.m2\repository\org\slf4j\jul-to-slf4j\2.0.17\jul-to-slf4j-2.0.17.jar;C:\Users\linar\.m2\repository\jakarta\annotation\jakarta.annotation-api\2.1.1\jakarta.annotation-api-2.1.1.jar;C:\Users\linar\.m2\repository\org\yaml\snakeyaml\2.4\snakeyaml-2.4.jar;C:\Users\linar\.m2\repository\org\springframework\boot\spring-boot-starter-jdbc\3.5.3\spring-boot-starter-jdbc-3.5.3.jar;C:\Users\linar\.m2\repository\com\zaxxer\HikariCP\6.3.0\HikariCP-6.3.0.jar;C:\Users\linar\.m2\repository\org\springframework\spring-jdbc\6.2.8\spring-jdbc-6.2.8.jar;C:\Users\linar\.m2\repository\org\hibernate\orm\hibernate-core\6.6.18.Final\hibernate-core-6.6.18.Final.jar;C:\Users\linar\.m2\repository\jakarta\persistence\jakarta.persistence-api\3.1.0\jakarta.persistence-api-3.1.0.jar;C:\Users\linar\.m2\repository\jakarta\transaction\jakarta.transaction-api\2.0.1\jakarta.transaction-api-2.0.1.jar;C:\Users\linar\.m2\repository\org\jboss\logging\jboss-logging\3.6.1.Final\jboss-logging-3.6.1.Final.jar;C:\Users\linar\.m2\repository\org\hibernate\common\hibernate-commons-annotations\7.0.3.Final\hibernate-commons-annotations-7.0.3.Final.jar;C:\Users\linar\.m2\repository\io\smallrye\jandex\3.2.0\jandex-3.2.0.jar;C:\Users\linar\.m2\repository\com\fasterxml\classmate\1.7.0\classmate-1.7.0.jar;C:\Users\linar\.m2\repository\net\bytebuddy\byte-buddy\1.17.6\byte-buddy-1.17.6.jar;C:\Users\linar\.m2\repository\org\glassfish\jaxb\jaxb-runtime\4.0.5\jaxb-runtime-4.0.5.jar;C:\Users\linar\.m2\repository\org\glassfish\jaxb\jaxb-core\4.0.5\jaxb-core-4.0.5.jar;C:\Users\linar\.m2\repository\org\eclipse\angus\angus-activation\2.0.2\angus-activation-2.0.2.jar;C:\Users\linar\.m2\repository\org\glassfish\jaxb\txw2\4.0.5\txw2-4.0.5.jar;C:\Users\linar\.m2\repository\com\sun\istack\istack-commons-runtime\4.1.2\istack-commons-runtime-4.1.2.jar;C:\Users\linar\.m2\repository\jakarta\inject\jakarta.inject-api\2.0.1\jakarta.inject-api-2.0.1.jar;C:\Users\linar\.m2\repository\org\antlr\antlr4-runtime\4.13.0\antlr4-runtime-4.13.0.jar;C:\Users\linar\.m2\repository\org\springframework\data\spring-data-jpa\3.5.1\spring-data-jpa-3.5.1.jar;C:\Users\linar\.m2\repository\org\springframework\data\spring-data-commons\3.5.1\spring-data-commons-3.5.1.jar;C:\Users\linar\.m2\repository\org\springframework\spring-orm\6.2.8\spring-orm-6.2.8.jar;C:\Users\linar\.m2\repository\org\springframework\spring-context\6.2.8\spring-context-6.2.8.jar;C:\Users\linar\.m2\repository\org\springframework\spring-aop\6.2.8\spring-aop-6.2.8.jar;C:\Users\linar\.m2\repository\org\springframework\spring-tx\6.2.8\spring-tx-6.2.8.jar;C:\Users\linar\.m2\repository\org\springframework\spring-beans\6.2.8\spring-beans-6.2.8.jar;C:\Users\linar\.m2\repository\org\slf4j\slf4j-api\2.0.17\slf4j-api-2.0.17.jar;C:\Users\linar\.m2\repository\org\springframework\spring-aspects\6.2.8\spring-aspects-6.2.8.jar;C:\Users\linar\.m2\repository\org\aspectj\aspectjweaver\1.9.24\aspectjweaver-1.9.24.jar;C:\Users\linar\.m2\repository\org\springframework\boot\spring-boot-starter-web\3.5.3\spring-boot-starter-web-3.5.3.jar;C:\Users\linar\.m2\repository\org\springframework\boot\spring-boot-starter-json\3.5.3\spring-boot-starter-json-3.5.3.jar;C:\Users\linar\.m2\repository\com\fasterxml\jackson\core\jackson-databind\2.19.1\jackson-databind-2.19.1.jar;C:\Users\linar\.m2\repository\com\fasterxml\jackson\core\jackson-annotations\2.19.1\jackson-annotations-2.19.1.jar;C:\Users\linar\.m2\repository\com\fasterxml\jackson\core\jackson-core\2.19.1\jackson-core-2.19.1.jar;C:\Users\linar\.m2\repository\com\fasterxml\jackson\datatype\jackson-datatype-jdk8\2.19.1\jackson-datatype-jdk8-2.19.1.jar;C:\Users\linar\.m2\repository\com\fasterxml\jackson\datatype\jackson-datatype-jsr310\2.19.1\jackson-datatype-jsr310-2.19.1.jar;C:\Users\linar\.m2\repository\com\fasterxml\jackson\module\jackson-module-parameter-names\2.19.1\jackson-module-parameter-names-2.19.1.jar;C:\Users\linar\.m2\repository\org\springframework\boot\spring-boot-starter-tomcat\3.5.3\spring-boot-starter-tomcat-3.5.3.jar;C:\Users\linar\.m2\repository\org\apache\tomcat\embed\tomcat-embed-core\10.1.42\tomcat-embed-core-10.1.42.jar;C:\Users\linar\.m2\repository\org\apache\tomcat\embed\tomcat-embed-websocket\10.1.42\tomcat-embed-websocket-10.1.42.jar;C:\Users\linar\.m2\repository\org\springframework\spring-web\6.2.8\spring-web-6.2.8.jar;C:\Users\linar\.m2\repository\io\micrometer\micrometer-observation\1.15.1\micrometer-observation-1.15.1.jar;C:\Users\linar\.m2\repository\io\micrometer\micrometer-commons\1.15.1\micrometer-commons-1.15.1.jar;C:\Users\linar\.m2\repository\org\springframework\spring-webmvc\6.2.8\spring-webmvc-6.2.8.jar;C:\Users\linar\.m2\repository\org\springframework\spring-expression\6.2.8\spring-expression-6.2.8.jar;C:\Users\linar\.m2\repository\org\springframework\boot\spring-boot-starter-validation\3.5.3\spring-boot-starter-validation-3.5.3.jar;C:\Users\linar\.m2\repository\org\apache\tomcat\embed\tomcat-embed-el\10.1.42\tomcat-embed-el-10.1.42.jar;C:\Users\linar\.m2\repository\org\hibernate\validator\hibernate-validator\8.0.2.Final\hibernate-validator-8.0.2.Final.jar;C:\Users\linar\.m2\repository\jakarta\validation\jakarta.validation-api\3.0.2\jakarta.validation-api-3.0.2.jar;C:\Users\linar\.m2\repository\org\springframework\boot\spring-boot-devtools\3.5.3\spring-boot-devtools-3.5.3.jar;C:\Users\linar\.m2\repository\org\springframework\boot\spring-boot\3.5.3\spring-boot-3.5.3.jar;C:\Users\linar\.m2\repository\org\springframework\boot\spring-boot-autoconfigure\3.5.3\spring-boot-autoconfigure-3.5.3.jar;C:\Users\linar\.m2\repository\com\h2database\h2\2.3.232\h2-2.3.232.jar;C:\Users\linar\.m2\repository\org\springframework\boot\spring-boot-starter-test\3.5.3\spring-boot-starter-test-3.5.3.jar;C:\Users\linar\.m2\repository\org\springframework\boot\spring-boot-test\3.5.3\spring-boot-test-3.5.3.jar;C:\Users\linar\.m2\repository\org\springframework\boot\spring-boot-test-autoconfigure\3.5.3\spring-boot-test-autoconfigure-3.5.3.jar;C:\Users\linar\.m2\repository\com\jayway\jsonpath\json-path\2.9.0\json-path-2.9.0.jar;C:\Users\linar\.m2\repository\jakarta\xml\bind\jakarta.xml.bind-api\4.0.2\jakarta.xml.bind-api-4.0.2.jar;C:\Users\linar\.m2\repository\jakarta\activation\jakarta.activation-api\2.1.3\jakarta.activation-api-2.1.3.jar;C:\Users\linar\.m2\repository\net\minidev\json-smart\2.5.2\json-smart-2.5.2.jar;C:\Users\linar\.m2\repository\net\minidev\accessors-smart\2.5.2\accessors-smart-2.5.2.jar;C:\Users\linar\.m2\repository\org\ow2\asm\asm\9.7.1\asm-9.7.1.jar;C:\Users\linar\.m2\repository\org\assertj\assertj-core\3.27.3\assertj-core-3.27.3.jar;C:\Users\linar\.m2\repository\org\awaitility\awaitility\4.2.2\awaitility-4.2.2.jar;C:\Users\linar\.m2\repository\org\hamcrest\hamcrest\3.0\hamcrest-3.0.jar;C:\Users\linar\.m2\repository\org\junit\jupiter\junit-jupiter\5.12.2\junit-jupiter-5.12.2.jar;C:\Users\linar\.m2\repository\org\junit\jupiter\junit-jupiter-api\5.12.2\junit-jupiter-api-5.12.2.jar;C:\Users\linar\.m2\repository\org\opentest4j\opentest4j\1.3.0\opentest4j-1.3.0.jar;C:\Users\linar\.m2\repository\org\junit\platform\junit-platform-commons\1.12.2\junit-platform-commons-1.12.2.jar;C:\Users\linar\.m2\repository\org\apiguardian\apiguardian-api\1.1.2\apiguardian-api-1.1.2.jar;C:\Users\linar\.m2\repository\org\junit\jupiter\junit-jupiter-params\5.12.2\junit-jupiter-params-5.12.2.jar;C:\Users\linar\.m2\repository\org\junit\jupiter\junit-jupiter-engine\5.12.2\junit-jupiter-engine-5.12.2.jar;C:\Users\linar\.m2\repository\org\junit\platform\junit-platform-engine\1.12.2\junit-platform-engine-1.12.2.jar;C:\Users\linar\.m2\repository\org\mockito\mockito-core\5.17.0\mockito-core-5.17.0.jar;C:\Users\linar\.m2\repository\net\bytebuddy\byte-buddy-agent\1.17.6\byte-buddy-agent-1.17.6.jar;C:\Users\linar\.m2\repository\org\objenesis\objenesis\3.3\objenesis-3.3.jar;C:\Users\linar\.m2\repository\org\mockito\mockito-junit-jupiter\5.17.0\mockito-junit-jupiter-5.17.0.jar;C:\Users\linar\.m2\repository\org\skyscreamer\jsonassert\1.5.3\jsonassert-1.5.3.jar;C:\Users\linar\.m2\repository\com\vaadin\external\google\android-json\0.0.20131108.vaadin1\android-json-0.0.20131108.vaadin1.jar;C:\Users\linar\.m2\repository\org\springframework\spring-core\6.2.8\spring-core-6.2.8.jar;C:\Users\linar\.m2\repository\org\springframework\spring-jcl\6.2.8\spring-jcl-6.2.8.jar;C:\Users\linar\.m2\repository\org\springframework\spring-test\6.2.8\spring-test-6.2.8.jar;C:\Users\linar\.m2\repository\org\xmlunit\xmlunit-core\2.10.2\xmlunit-core-2.10.2.jar;"/>
    <property name="sun.cpu.endian" value="little"/>
    <property name="user.home" value="C:\Users\linar"/>
    <property name="user.language" value="en"/>
    <property name="java.specification.vendor" value="Oracle Corporation"/>
    <property name="java.version.date" value="2025-04-15"/>
    <property name="java.home" value="C:\Program Files\Java\jdk-24"/>
    <property name="file.separator" value="\"/>
    <property name="basedir" value="C:\Users\linar\OneDrive\Desktop\Nisum\Sprint 3\Day 7\productDashboard"/>
    <property name="java.vm.compressedOopsMode" value="Zero based"/>
    <property name="line.separator" value="&#10;"/>
    <property name="java.vm.specification.vendor" value="Oracle Corporation"/>
    <property name="java.specification.name" value="Java Platform API Specification"/>
    <property name="FILE_LOG_CHARSET" value="UTF-8"/>
    <property name="java.awt.headless" value="true"/>
    <property name="surefire.real.class.path" value="C:\Users\linar\AppData\Local\Temp\surefire15491329464611231033\surefirebooter-20250629094612020_3.jar"/>
    <property name="user.script" value=""/>
    <property name="sun.management.compiler" value="HotSpot 64-Bit Tiered Compilers"/>
    <property name="java.runtime.version" value="24.0.1+9-30"/>
    <property name="user.name" value="linar"/>
    <property name="stdout.encoding" value="Cp1252"/>
    <property name="path.separator" value=";"/>
    <property name="os.version" value="10.0"/>
    <property name="java.runtime.name" value="Java(TM) SE Runtime Environment"/>
    <property name="file.encoding" value="UTF-8"/>
    <property name="java.vm.name" value="Java HotSpot(TM) 64-Bit Server VM"/>
    <property name="localRepository" value="C:\Users\linar\.m2\repository"/>
    <property name="java.vendor.url.bug" value="https://bugreport.java.com/bugreport/"/>
    <property name="java.io.tmpdir" value="C:\Users\linar\AppData\Local\Temp\"/>
    <property name="com.zaxxer.hikari.pool_number" value="1"/>
    <property name="java.version" value="24.0.1"/>
    <property name="user.dir" value="C:\Users\linar\OneDrive\Desktop\Nisum\Sprint 3\Day 7\productDashboard"/>
    <property name="os.arch" value="amd64"/>
    <property name="java.vm.specification.name" value="Java Virtual Machine Specification"/>
    <property name="PID" value="23864"/>
    <property name="sun.os.patch.level" value=""/>
    <property name="CONSOLE_LOG_CHARSET" value="windows-1252"/>
    <property name="native.encoding" value="Cp1252"/>
    <property name="java.library.path" value="C:\Program Files\Java\jdk-24\bin;C:\WINDOWS\Sun\Java\bin;C:\WINDOWS\system32;C:\WINDOWS;C:\Program Files\php-8.3.21;C:\Program Files (x86)\VMware\VMware Workstation\bin\;C:\Program Files\Common Files\Oracle\Java\javapath;C:\WINDOWS\system32;C:\WINDOWS;C:\WINDOWS\System32\Wbem;C:\WINDOWS\System32\WindowsPowerShell\v1.0\;C:\WINDOWS\System32\OpenSSH\;C:\Program Files\dotnet\;C:\Program Files\Git\cmd;c:\Users\linar\AppData\Local\Programs\cursor\resources\app\bin;C:\Program Files\Docker\Docker\resources\bin;C:\Program Files\Apache Software Foundation\apache-maven-3.9.9\bin;C:\Program Files\MySQL\MySQL Server 9.3\bin;C:\Program Files\Cloudflare\Cloudflare WARP\;C:\Program Files\php-8.3.21;C:\Program Files\nodejs\;C:\Users\linar\anaconda3;C:\Users\linar\anaconda3\Library\mingw-w64\bin;C:\Users\linar\anaconda3\Library\usr\bin;C:\Users\linar\anaconda3\Library\bin;C:\Users\linar\anaconda3\Scripts;C:\Users\linar\AppData\Local\Programs\Python\Python313\Scripts\;C:\Users\linar\AppData\Local\Programs\Python\Python313\;C:\Users\linar\AppData\Local\Microsoft\WindowsApps;C:\Users\linar\AppData\Local\Programs\Microsoft VS Code\bin;C:\Users\linar\AppData\Local\Programs\cursor\resources\app\bin;C:\Program Files\JetBrains\IntelliJ IDEA 2025.1.1.1\bin;;C:\Users\linar\AppData\Roaming\npm;."/>
    <property name="java.vm.info" value="mixed mode, sharing"/>
    <property name="stderr.encoding" value="Cp1252"/>
    <property name="java.vendor" value="Oracle Corporation"/>
    <property name="java.vm.version" value="24.0.1+9-30"/>
    <property name="sun.io.unicode.encoding" value="UnicodeLittle"/>
    <property name="java.class.version" value="68.0"/>
    <property name="LOGGED_APPLICATION_NAME" value="[productDashboard-test] "/>
  </properties>
  <testcase name="testDeleteProduct_WhenProductExists_ReturnsNoContent" classname="com.nisum.productDashboard.integration.ProductControllerIntegrationTest" time="1.347">
    <system-out><![CDATA[09:46:13.372 [main] INFO org.springframework.test.context.support.AnnotationConfigContextLoaderUtils -- Could not detect default configuration classes for test class [com.nisum.productDashboard.integration.ProductControllerIntegrationTest]: ProductControllerIntegrationTest does not declare any static, non-private, non-final, nested classes annotated with @Configuration.
09:46:13.593 [main] INFO org.springframework.boot.test.context.SpringBootTestContextBootstrapper -- Found @SpringBootConfiguration com.nisum.productDashboard.ProductDashboardApplication for test class com.nisum.productDashboard.integration.ProductControllerIntegrationTest
09:46:13.848 [main] INFO org.springframework.boot.devtools.restart.RestartApplicationListener -- Restart disabled due to context in which it is running

  .   ____          _            __ _ _
 /\\ / ___'_ __ _ _(_)_ __  __ _ \ \ \ \
( ( )\___ | '_ | '_| | '_ \/ _` | \ \ \ \
 \\/  ___)| |_)| | | | | || (_| |  ) ) ) )
  '  |____| .__|_| |_|_| |_\__, | / / / /
 =========|_|==============|___/=/_/_/_/

 :: Spring Boot ::                (v3.5.3)

2025-06-29T09:46:14.490+05:30  INFO 23864 --- [productDashboard-test] [           main] c.n.p.i.ProductControllerIntegrationTest : Starting ProductControllerIntegrationTest using Java 24.0.1 with PID 23864 (started by linar in C:\Users\linar\OneDrive\Desktop\Nisum\Sprint 3\Day 7\productDashboard)
2025-06-29T09:46:14.494+05:30 DEBUG 23864 --- [productDashboard-test] [           main] c.n.p.i.ProductControllerIntegrationTest : Running with Spring Boot v3.5.3, Spring v6.2.8
2025-06-29T09:46:14.495+05:30  INFO 23864 --- [productDashboard-test] [           main] c.n.p.i.ProductControllerIntegrationTest : The following 1 profile is active: "test"
2025-06-29T09:46:14.521+05:30 DEBUG 23864 --- [productDashboard-test] [           main] o.s.w.c.s.GenericWebApplicationContext   : Refreshing org.springframework.web.context.support.GenericWebApplicationContext@2a415aa9
2025-06-29T09:46:15.894+05:30  INFO 23864 --- [productDashboard-test] [           main] .s.d.r.c.RepositoryConfigurationDelegate : Bootstrapping Spring Data JPA repositories in DEFAULT mode.
2025-06-29T09:46:16.019+05:30  INFO 23864 --- [productDashboard-test] [           main] .s.d.r.c.RepositoryConfigurationDelegate : Finished Spring Data repository scanning in 102 ms. Found 1 JPA repository interface.
2025-06-29T09:46:16.799+05:30  INFO 23864 --- [productDashboard-test] [           main] o.hibernate.jpa.internal.util.LogHelper  : HHH000204: Processing PersistenceUnitInfo [name: default]
2025-06-29T09:46:16.907+05:30  INFO 23864 --- [productDashboard-test] [           main] org.hibernate.Version                    : HHH000412: Hibernate ORM core version 6.6.18.Final
2025-06-29T09:46:16.985+05:30  INFO 23864 --- [productDashboard-test] [           main] o.h.c.internal.RegionFactoryInitiator    : HHH000026: Second-level cache disabled
2025-06-29T09:46:17.687+05:30  INFO 23864 --- [productDashboard-test] [           main] o.s.o.j.p.SpringPersistenceUnitInfo      : No LoadTimeWeaver setup: ignoring JPA class transformer
2025-06-29T09:46:17.755+05:30  INFO 23864 --- [productDashboard-test] [           main] com.zaxxer.hikari.HikariDataSource       : HikariPool-1 - Starting...
2025-06-29T09:46:18.077+05:30  INFO 23864 --- [productDashboard-test] [           main] com.zaxxer.hikari.pool.HikariPool        : HikariPool-1 - Added connection conn0: url=jdbc:h2:mem:testdb user=SA
2025-06-29T09:46:18.079+05:30  INFO 23864 --- [productDashboard-test] [           main] com.zaxxer.hikari.HikariDataSource       : HikariPool-1 - Start completed.
2025-06-29T09:46:18.113+05:30  WARN 23864 --- [productDashboard-test] [           main] org.hibernate.orm.deprecation            : HHH90000025: H2Dialect does not need to be specified explicitly using 'hibernate.dialect' (remove the property setting and it will be selected by default)
2025-06-29T09:46:18.147+05:30  INFO 23864 --- [productDashboard-test] [           main] org.hibernate.orm.connections.pooling    : HHH10001005: Database info:
	Database JDBC URL [Connecting through datasource 'HikariDataSource (HikariPool-1)']
	Database driver: undefined/unknown
	Database version: 2.3.232
	Autocommit mode: undefined/unknown
	Isolation level: undefined/unknown
	Minimum pool size: undefined/unknown
	Maximum pool size: undefined/unknown
2025-06-29T09:46:19.156+05:30  INFO 23864 --- [productDashboard-test] [           main] o.h.e.t.j.p.i.JtaPlatformInitiator       : HHH000489: No JTA platform available (set 'hibernate.transaction.jta.platform' to enable JTA platform integration)
2025-06-29T09:46:19.196+05:30  INFO 23864 --- [productDashboard-test] [           main] j.LocalContainerEntityManagerFactoryBean : Initialized JPA EntityManagerFactory for persistence unit 'default'
2025-06-29T09:46:19.711+05:30  INFO 23864 --- [productDashboard-test] [           main] o.s.d.j.r.query.QueryEnhancerFactory     : Hibernate is in classpath; If applicable, HQL parser will be used.
2025-06-29T09:46:20.784+05:30  WARN 23864 --- [productDashboard-test] [           main] JpaBaseConfiguration$JpaWebConfiguration : spring.jpa.open-in-view is enabled by default. Therefore, database queries may be performed during view rendering. Explicitly configure spring.jpa.open-in-view to disable this warning
2025-06-29T09:46:20.954+05:30 DEBUG 23864 --- [productDashboard-test] [           main] s.w.s.m.m.a.RequestMappingHandlerMapping : 9 mappings in 'requestMappingHandlerMapping'
2025-06-29T09:46:21.190+05:30 DEBUG 23864 --- [productDashboard-test] [           main] o.s.w.s.handler.SimpleUrlHandlerMapping  : Patterns [/webjars/**, /**] in 'resourceHandlerMapping'
2025-06-29T09:46:21.242+05:30 DEBUG 23864 --- [productDashboard-test] [           main] s.w.s.m.m.a.RequestMappingHandlerAdapter : ControllerAdvice beans: 0 @ModelAttribute, 0 @InitBinder, 1 RequestBodyAdvice, 1 ResponseBodyAdvice
2025-06-29T09:46:21.349+05:30 DEBUG 23864 --- [productDashboard-test] [           main] .m.m.a.ExceptionHandlerExceptionResolver : ControllerAdvice beans: 1 @ExceptionHandler, 1 ResponseBodyAdvice
2025-06-29T09:46:21.544+05:30  INFO 23864 --- [productDashboard-test] [           main] o.s.b.t.m.w.SpringBootMockServletContext : Initializing Spring TestDispatcherServlet ''
2025-06-29T09:46:21.545+05:30  INFO 23864 --- [productDashboard-test] [           main] o.s.t.web.servlet.TestDispatcherServlet  : Initializing Servlet ''
2025-06-29T09:46:21.548+05:30  INFO 23864 --- [productDashboard-test] [           main] o.s.t.web.servlet.TestDispatcherServlet  : Completed initialization in 1 ms
2025-06-29T09:46:21.607+05:30  INFO 23864 --- [productDashboard-test] [           main] c.n.p.i.ProductControllerIntegrationTest : Started ProductControllerIntegrationTest in 7.779 seconds (process running for 9.433)
2025-06-29T09:46:22.725+05:30 DEBUG 23864 --- [productDashboard-test] [           main] s.w.s.m.m.a.RequestMappingHandlerMapping : Mapped to com.nisum.productDashboard.controller.ProductController#deleteProduct(Long)
2025-06-29T09:46:22.879+05:30 DEBUG 23864 --- [productDashboard-test] [           main] o.s.w.s.m.m.a.HttpEntityMethodProcessor  : Using 'application/json', given [*/*] and supported [application/json, application/*+json]
2025-06-29T09:46:22.882+05:30 DEBUG 23864 --- [productDashboard-test] [           main] o.s.w.s.m.m.a.HttpEntityMethodProcessor  : Nothing to write: null body
2025-06-29T09:46:22.913+05:30 DEBUG 23864 --- [productDashboard-test] [           main] s.w.s.m.m.a.RequestMappingHandlerMapping : Mapped to com.nisum.productDashboard.controller.ProductController#getProductById(Long)
2025-06-29T09:46:22.957+05:30 DEBUG 23864 --- [productDashboard-test] [           main] o.s.w.s.m.m.a.HttpEntityMethodProcessor  : Using 'application/json', given [*/*] and supported [application/json, application/*+json]
2025-06-29T09:46:22.957+05:30 DEBUG 23864 --- [productDashboard-test] [           main] o.s.w.s.m.m.a.HttpEntityMethodProcessor  : Nothing to write: null body
]]></system-out>
    <system-err><![CDATA[Mockito is currently self-attaching to enable the inline-mock-maker. This will no longer work in future releases of the JDK. Please add Mockito as an agent to your build as described in Mockito's documentation: https://javadoc.io/doc/org.mockito/mockito-core/latest/org.mockito/org/mockito/Mockito.html#0.3
WARNING: A Java agent has been loaded dynamically (C:\Users\linar\.m2\repository\net\bytebuddy\byte-buddy-agent\1.17.6\byte-buddy-agent-1.17.6.jar)
WARNING: If a serviceability tool is in use, please run with -XX:+EnableDynamicAgentLoading to hide this warning
WARNING: If a serviceability tool is not in use, please run with -Djdk.instrument.traceUsage for more information
WARNING: Dynamic loading of agents will be disallowed by default in a future release
]]></system-err>
  </testcase>
  <testcase name="testGetProductById_WhenProductExists_ReturnsProduct" classname="com.nisum.productDashboard.integration.ProductControllerIntegrationTest" time="0.112">
    <system-out><![CDATA[2025-06-29T09:46:23.008+05:30 DEBUG 23864 --- [productDashboard-test] [           main] s.w.s.m.m.a.RequestMappingHandlerMapping : Mapped to com.nisum.productDashboard.controller.ProductController#getProductById(Long)
2025-06-29T09:46:23.010+05:30 DEBUG 23864 --- [productDashboard-test] [           main] o.s.w.s.m.m.a.HttpEntityMethodProcessor  : Using 'application/json', given [*/*] and supported [application/json, application/*+json]
2025-06-29T09:46:23.012+05:30 DEBUG 23864 --- [productDashboard-test] [           main] o.s.w.s.m.m.a.HttpEntityMethodProcessor  : Writing [Product{id=2, name='Laptop', description='High-performance laptop', price=999.99, stockQuantity=50,  (truncated)...]
]]></system-out>
  </testcase>
  <testcase name="testUpdateProduct_WhenProductExists_ReturnsUpdatedProduct" classname="com.nisum.productDashboard.integration.ProductControllerIntegrationTest" time="0.103">
    <system-out><![CDATA[2025-06-29T09:46:23.117+05:30 DEBUG 23864 --- [productDashboard-test] [           main] s.w.s.m.m.a.RequestMappingHandlerMapping : Mapped to com.nisum.productDashboard.controller.ProductController#updateProduct(Long, Product)
2025-06-29T09:46:23.157+05:30 DEBUG 23864 --- [productDashboard-test] [           main] m.m.a.RequestResponseBodyMethodProcessor : Read "application/json;charset=UTF-8" to [Product{id=null, name='Updated Laptop', description='Updated description', price=1199.99, stockQuant (truncated)...]
2025-06-29T09:46:23.200+05:30 DEBUG 23864 --- [productDashboard-test] [           main] o.s.w.s.m.m.a.HttpEntityMethodProcessor  : Using 'application/json', given [*/*] and supported [application/json, application/*+json]
2025-06-29T09:46:23.201+05:30 DEBUG 23864 --- [productDashboard-test] [           main] o.s.w.s.m.m.a.HttpEntityMethodProcessor  : Writing [Product{id=3, name='Updated Laptop', description='Updated description', price=1199.99, stockQuantity (truncated)...]
]]></system-out>
  </testcase>
  <testcase name="testCreateMultipleProducts_AndVerifyPersistence" classname="com.nisum.productDashboard.integration.ProductControllerIntegrationTest" time="0.043">
    <system-out><![CDATA[2025-06-29T09:46:23.219+05:30 DEBUG 23864 --- [productDashboard-test] [           main] s.w.s.m.m.a.RequestMappingHandlerMapping : Mapped to com.nisum.productDashboard.controller.ProductController#createProduct(Product)
2025-06-29T09:46:23.221+05:30 DEBUG 23864 --- [productDashboard-test] [           main] m.m.a.RequestResponseBodyMethodProcessor : Read "application/json;charset=UTF-8" to [Product{id=null, name='Laptop', description='High-performance laptop', price=999.99, stockQuantity=5 (truncated)...]
2025-06-29T09:46:23.224+05:30 DEBUG 23864 --- [productDashboard-test] [           main] o.s.w.s.m.m.a.HttpEntityMethodProcessor  : Using 'application/json', given [*/*] and supported [application/json, application/*+json]
2025-06-29T09:46:23.225+05:30 DEBUG 23864 --- [productDashboard-test] [           main] o.s.w.s.m.m.a.HttpEntityMethodProcessor  : Writing [Product{id=4, name='Laptop', description='High-performance laptop', price=999.99, stockQuantity=50,  (truncated)...]
2025-06-29T09:46:23.227+05:30 DEBUG 23864 --- [productDashboard-test] [           main] s.w.s.m.m.a.RequestMappingHandlerMapping : Mapped to com.nisum.productDashboard.controller.ProductController#createProduct(Product)
2025-06-29T09:46:23.229+05:30 DEBUG 23864 --- [productDashboard-test] [           main] m.m.a.RequestResponseBodyMethodProcessor : Read "application/json;charset=UTF-8" to [Product{id=null, name='Smartphone', description='Latest smartphone model', price=599.99, stockQuanti (truncated)...]
2025-06-29T09:46:23.232+05:30 DEBUG 23864 --- [productDashboard-test] [           main] o.s.w.s.m.m.a.HttpEntityMethodProcessor  : Using 'application/json', given [*/*] and supported [application/json, application/*+json]
2025-06-29T09:46:23.233+05:30 DEBUG 23864 --- [productDashboard-test] [           main] o.s.w.s.m.m.a.HttpEntityMethodProcessor  : Writing [Product{id=5, name='Smartphone', description='Latest smartphone model', price=599.99, stockQuantity= (truncated)...]
2025-06-29T09:46:23.235+05:30 DEBUG 23864 --- [productDashboard-test] [           main] s.w.s.m.m.a.RequestMappingHandlerMapping : Mapped to com.nisum.productDashboard.controller.ProductController#getAllProducts()
2025-06-29T09:46:23.241+05:30 DEBUG 23864 --- [productDashboard-test] [           main] o.s.w.s.m.m.a.HttpEntityMethodProcessor  : Using 'application/json', given [*/*] and supported [application/json, application/*+json]
2025-06-29T09:46:23.242+05:30 DEBUG 23864 --- [productDashboard-test] [           main] o.s.w.s.m.m.a.HttpEntityMethodProcessor  : Writing [[Product{id=4, name='Laptop', description='High-performance laptop', price=999.99, stockQuantity=50, (truncated)...]
]]></system-out>
  </testcase>
  <testcase name="testGetProductById_WhenProductNotExists_ReturnsNotFound" classname="com.nisum.productDashboard.integration.ProductControllerIntegrationTest" time="0.02">
    <system-out><![CDATA[2025-06-29T09:46:23.267+05:30 DEBUG 23864 --- [productDashboard-test] [           main] s.w.s.m.m.a.RequestMappingHandlerMapping : Mapped to com.nisum.productDashboard.controller.ProductController#getProductById(Long)
2025-06-29T09:46:23.273+05:30 DEBUG 23864 --- [productDashboard-test] [           main] o.s.w.s.m.m.a.HttpEntityMethodProcessor  : Using 'application/json', given [*/*] and supported [application/json, application/*+json]
2025-06-29T09:46:23.273+05:30 DEBUG 23864 --- [productDashboard-test] [           main] o.s.w.s.m.m.a.HttpEntityMethodProcessor  : Nothing to write: null body
]]></system-out>
  </testcase>
  <testcase name="testCreateProduct_WithInvalidData_ReturnsBadRequest" classname="com.nisum.productDashboard.integration.ProductControllerIntegrationTest" time="0.047">
    <system-out><![CDATA[2025-06-29T09:46:23.294+05:30 DEBUG 23864 --- [productDashboard-test] [           main] s.w.s.m.m.a.RequestMappingHandlerMapping : Mapped to com.nisum.productDashboard.controller.ProductController#createProduct(Product)
2025-06-29T09:46:23.295+05:30 DEBUG 23864 --- [productDashboard-test] [           main] m.m.a.RequestResponseBodyMethodProcessor : Read "application/json;charset=UTF-8" to [Product{id=null, name='null', description='Test description', price=10.00, stockQuantity=5, category (truncated)...]
2025-06-29T09:46:23.312+05:30 DEBUG 23864 --- [productDashboard-test] [           main] .m.m.a.ExceptionHandlerExceptionResolver : Using @ExceptionHandler com.nisum.productDashboard.exception.GlobalExceptionHandler#handleValidationExceptions(MethodArgumentNotValidException)
2025-06-29T09:46:23.316+05:30 DEBUG 23864 --- [productDashboard-test] [           main] o.s.w.s.m.m.a.HttpEntityMethodProcessor  : Using 'application/json', given [*/*] and supported [application/json, application/*+json]
2025-06-29T09:46:23.317+05:30 DEBUG 23864 --- [productDashboard-test] [           main] o.s.w.s.m.m.a.HttpEntityMethodProcessor  : Writing [{validationErrors={name=Product name is required}, error=Validation Failed, message=Invalid input da (truncated)...]
2025-06-29T09:46:23.324+05:30 DEBUG 23864 --- [productDashboard-test] [           main] .m.m.a.ExceptionHandlerExceptionResolver : Resolved [org.springframework.web.bind.MethodArgumentNotValidException: Validation failed for argument [0] in public org.springframework.http.ResponseEntity<com.nisum.productDashboard.entity.Product> com.nisum.productDashboard.controller.ProductController.createProduct(com.nisum.productDashboard.entity.Product): [Field error in object 'product' on field 'name': rejected value [null]; codes [NotBlank.product.name,NotBlank.name,NotBlank.java.lang.String,NotBlank]; arguments [org.springframework.context.support.DefaultMessageSourceResolvable: codes [product.name,name]; arguments []; default message [name]]; default message [Product name is required]] ]
]]></system-out>
  </testcase>
  <testcase name="testGetLowStockProducts_WithCustomThreshold_ReturnsFilteredProducts" classname="com.nisum.productDashboard.integration.ProductControllerIntegrationTest" time="0.058">
    <system-out><![CDATA[2025-06-29T09:46:23.346+05:30 DEBUG 23864 --- [productDashboard-test] [           main] s.w.s.m.m.a.RequestMappingHandlerMapping : Mapped to com.nisum.productDashboard.controller.ProductController#getLowStockProducts(Integer)
2025-06-29T09:46:23.375+05:30 DEBUG 23864 --- [productDashboard-test] [           main] o.s.w.s.m.m.a.HttpEntityMethodProcessor  : Using 'application/json', given [*/*] and supported [application/json, application/*+json]
2025-06-29T09:46:23.376+05:30 DEBUG 23864 --- [productDashboard-test] [           main] o.s.w.s.m.m.a.HttpEntityMethodProcessor  : Writing [[Product{id=7, name='Smartphone', description='Latest smartphone model', price=599.99, stockQuantity (truncated)...]
]]></system-out>
  </testcase>
  <testcase name="testGetAllProducts_WhenProductsExist_ReturnsAllProducts" classname="com.nisum.productDashboard.integration.ProductControllerIntegrationTest" time="0.044">
    <system-out><![CDATA[2025-06-29T09:46:23.416+05:30 DEBUG 23864 --- [productDashboard-test] [           main] s.w.s.m.m.a.RequestMappingHandlerMapping : Mapped to com.nisum.productDashboard.controller.ProductController#getAllProducts()
2025-06-29T09:46:23.423+05:30 DEBUG 23864 --- [productDashboard-test] [           main] o.s.w.s.m.m.a.HttpEntityMethodProcessor  : Using 'application/json', given [*/*] and supported [application/json, application/*+json]
2025-06-29T09:46:23.425+05:30 DEBUG 23864 --- [productDashboard-test] [           main] o.s.w.s.m.m.a.HttpEntityMethodProcessor  : Writing [[Product{id=9, name='Laptop', description='High-performance laptop', price=999.99, stockQuantity=50, (truncated)...]
]]></system-out>
  </testcase>
  <testcase name="testCompleteProductLifecycle" classname="com.nisum.productDashboard.integration.ProductControllerIntegrationTest" time="0.066">
    <system-out><![CDATA[2025-06-29T09:46:23.448+05:30 DEBUG 23864 --- [productDashboard-test] [           main] s.w.s.m.m.a.RequestMappingHandlerMapping : Mapped to com.nisum.productDashboard.controller.ProductController#createProduct(Product)
2025-06-29T09:46:23.450+05:30 DEBUG 23864 --- [productDashboard-test] [           main] m.m.a.RequestResponseBodyMethodProcessor : Read "application/json;charset=UTF-8" to [Product{id=null, name='Laptop', description='High-performance laptop', price=999.99, stockQuantity=5 (truncated)...]
2025-06-29T09:46:23.453+05:30 DEBUG 23864 --- [productDashboard-test] [           main] o.s.w.s.m.m.a.HttpEntityMethodProcessor  : Using 'application/json', given [*/*] and supported [application/json, application/*+json]
2025-06-29T09:46:23.453+05:30 DEBUG 23864 --- [productDashboard-test] [           main] o.s.w.s.m.m.a.HttpEntityMethodProcessor  : Writing [Product{id=12, name='Laptop', description='High-performance laptop', price=999.99, stockQuantity=50, (truncated)...]
2025-06-29T09:46:23.457+05:30 DEBUG 23864 --- [productDashboard-test] [           main] s.w.s.m.m.a.RequestMappingHandlerMapping : Mapped to com.nisum.productDashboard.controller.ProductController#getProductById(Long)
2025-06-29T09:46:23.459+05:30 DEBUG 23864 --- [productDashboard-test] [           main] o.s.w.s.m.m.a.HttpEntityMethodProcessor  : Using 'application/json', given [*/*] and supported [application/json, application/*+json]
2025-06-29T09:46:23.459+05:30 DEBUG 23864 --- [productDashboard-test] [           main] o.s.w.s.m.m.a.HttpEntityMethodProcessor  : Writing [Product{id=12, name='Laptop', description='High-performance laptop', price=999.99, stockQuantity=50, (truncated)...]
2025-06-29T09:46:23.462+05:30 DEBUG 23864 --- [productDashboard-test] [           main] s.w.s.m.m.a.RequestMappingHandlerMapping : Mapped to com.nisum.productDashboard.controller.ProductController#updateProduct(Long, Product)
2025-06-29T09:46:23.463+05:30 DEBUG 23864 --- [productDashboard-test] [           main] m.m.a.RequestResponseBodyMethodProcessor : Read "application/json;charset=UTF-8" to [Product{id=null, name='Gaming Laptop', description='High-end gaming laptop', price=1299.99, stockQua (truncated)...]
2025-06-29T09:46:23.466+05:30 DEBUG 23864 --- [productDashboard-test] [           main] o.s.w.s.m.m.a.HttpEntityMethodProcessor  : Using 'application/json', given [*/*] and supported [application/json, application/*+json]
2025-06-29T09:46:23.466+05:30 DEBUG 23864 --- [productDashboard-test] [           main] o.s.w.s.m.m.a.HttpEntityMethodProcessor  : Writing [Product{id=12, name='Gaming Laptop', description='High-end gaming laptop', price=1299.99, stockQuant (truncated)...]
2025-06-29T09:46:23.469+05:30 DEBUG 23864 --- [productDashboard-test] [           main] s.w.s.m.m.a.RequestMappingHandlerMapping : Mapped to com.nisum.productDashboard.controller.ProductController#deleteProduct(Long)
2025-06-29T09:46:23.490+05:30 DEBUG 23864 --- [productDashboard-test] [           main] o.s.w.s.m.m.a.HttpEntityMethodProcessor  : Using 'application/json', given [*/*] and supported [application/json, application/*+json]
2025-06-29T09:46:23.491+05:30 DEBUG 23864 --- [productDashboard-test] [           main] o.s.w.s.m.m.a.HttpEntityMethodProcessor  : Nothing to write: null body
2025-06-29T09:46:23.494+05:30 DEBUG 23864 --- [productDashboard-test] [           main] s.w.s.m.m.a.RequestMappingHandlerMapping : Mapped to com.nisum.productDashboard.controller.ProductController#getProductById(Long)
2025-06-29T09:46:23.496+05:30 DEBUG 23864 --- [productDashboard-test] [           main] o.s.w.s.m.m.a.HttpEntityMethodProcessor  : Using 'application/json', given [*/*] and supported [application/json, application/*+json]
2025-06-29T09:46:23.496+05:30 DEBUG 23864 --- [productDashboard-test] [           main] o.s.w.s.m.m.a.HttpEntityMethodProcessor  : Nothing to write: null body
]]></system-out>
  </testcase>
  <testcase name="testDeleteProduct_WhenProductNotExists_ReturnsNotFound" classname="com.nisum.productDashboard.integration.ProductControllerIntegrationTest" time="0.019">
    <system-out><![CDATA[2025-06-29T09:46:23.515+05:30 DEBUG 23864 --- [productDashboard-test] [           main] s.w.s.m.m.a.RequestMappingHandlerMapping : Mapped to com.nisum.productDashboard.controller.ProductController#deleteProduct(Long)
2025-06-29T09:46:23.519+05:30 DEBUG 23864 --- [productDashboard-test] [           main] o.s.w.s.m.m.a.HttpEntityMethodProcessor  : Using 'application/json', given [*/*] and supported [application/json, application/*+json]
2025-06-29T09:46:23.520+05:30 DEBUG 23864 --- [productDashboard-test] [           main] o.s.w.s.m.m.a.HttpEntityMethodProcessor  : Nothing to write: null body
]]></system-out>
  </testcase>
  <testcase name="testGetAllProducts_WhenNoProducts_ReturnsEmptyList" classname="com.nisum.productDashboard.integration.ProductControllerIntegrationTest" time="0.016">
    <system-out><![CDATA[2025-06-29T09:46:23.536+05:30 DEBUG 23864 --- [productDashboard-test] [           main] s.w.s.m.m.a.RequestMappingHandlerMapping : Mapped to com.nisum.productDashboard.controller.ProductController#getAllProducts()
2025-06-29T09:46:23.539+05:30 DEBUG 23864 --- [productDashboard-test] [           main] o.s.w.s.m.m.a.HttpEntityMethodProcessor  : Using 'application/json', given [*/*] and supported [application/json, application/*+json]
2025-06-29T09:46:23.540+05:30 DEBUG 23864 --- [productDashboard-test] [           main] o.s.w.s.m.m.a.HttpEntityMethodProcessor  : Writing [[]]
]]></system-out>
  </testcase>
  <testcase name="testCreateProduct_WithNegativePrice_ReturnsBadRequest" classname="com.nisum.productDashboard.integration.ProductControllerIntegrationTest" time="0.019">
    <system-out><![CDATA[2025-06-29T09:46:23.556+05:30 DEBUG 23864 --- [productDashboard-test] [           main] s.w.s.m.m.a.RequestMappingHandlerMapping : Mapped to com.nisum.productDashboard.controller.ProductController#createProduct(Product)
2025-06-29T09:46:23.557+05:30 DEBUG 23864 --- [productDashboard-test] [           main] m.m.a.RequestResponseBodyMethodProcessor : Read "application/json;charset=UTF-8" to [Product{id=null, name='Test Product', description='Test description', price=-10.00, stockQuantity=5, (truncated)...]
2025-06-29T09:46:23.559+05:30 DEBUG 23864 --- [productDashboard-test] [           main] .m.m.a.ExceptionHandlerExceptionResolver : Using @ExceptionHandler com.nisum.productDashboard.exception.GlobalExceptionHandler#handleValidationExceptions(MethodArgumentNotValidException)
2025-06-29T09:46:23.560+05:30 DEBUG 23864 --- [productDashboard-test] [           main] o.s.w.s.m.m.a.HttpEntityMethodProcessor  : Using 'application/json', given [*/*] and supported [application/json, application/*+json]
2025-06-29T09:46:23.560+05:30 DEBUG 23864 --- [productDashboard-test] [           main] o.s.w.s.m.m.a.HttpEntityMethodProcessor  : Writing [{validationErrors={price=Price must be greater than 0}, error=Validation Failed, message=Invalid inp (truncated)...]
2025-06-29T09:46:23.561+05:30 DEBUG 23864 --- [productDashboard-test] [           main] .m.m.a.ExceptionHandlerExceptionResolver : Resolved [org.springframework.web.bind.MethodArgumentNotValidException: Validation failed for argument [0] in public org.springframework.http.ResponseEntity<com.nisum.productDashboard.entity.Product> com.nisum.productDashboard.controller.ProductController.createProduct(com.nisum.productDashboard.entity.Product): [Field error in object 'product' on field 'price': rejected value [-10.00]; codes [DecimalMin.product.price,DecimalMin.price,DecimalMin.java.math.BigDecimal,DecimalMin]; arguments [org.springframework.context.support.DefaultMessageSourceResolvable: codes [product.price,price]; arguments []; default message [price],false,0.0]; default message [Price must be greater than 0]] ]
]]></system-out>
  </testcase>
  <testcase name="testCreateProduct_WithValidData_ReturnsCreatedProduct" classname="com.nisum.productDashboard.integration.ProductControllerIntegrationTest" time="0.019">
    <system-out><![CDATA[2025-06-29T09:46:23.576+05:30 DEBUG 23864 --- [productDashboard-test] [           main] s.w.s.m.m.a.RequestMappingHandlerMapping : Mapped to com.nisum.productDashboard.controller.ProductController#createProduct(Product)
2025-06-29T09:46:23.578+05:30 DEBUG 23864 --- [productDashboard-test] [           main] m.m.a.RequestResponseBodyMethodProcessor : Read "application/json;charset=UTF-8" to [Product{id=null, name='Gaming Mouse', description='RGB gaming mouse', price=79.99, stockQuantity=30, (truncated)...]
2025-06-29T09:46:23.581+05:30 DEBUG 23864 --- [productDashboard-test] [           main] o.s.w.s.m.m.a.HttpEntityMethodProcessor  : Using 'application/json', given [*/*] and supported [application/json, application/*+json]
2025-06-29T09:46:23.581+05:30 DEBUG 23864 --- [productDashboard-test] [           main] o.s.w.s.m.m.a.HttpEntityMethodProcessor  : Writing [Product{id=13, name='Gaming Mouse', description='RGB gaming mouse', price=79.99, stockQuantity=30, c (truncated)...]
]]></system-out>
  </testcase>
  <testcase name="testGetLowStockProducts_WithDefaultThreshold_ReturnsLowStockProducts" classname="com.nisum.productDashboard.integration.ProductControllerIntegrationTest" time="0.024">
    <system-out><![CDATA[2025-06-29T09:46:23.604+05:30 DEBUG 23864 --- [productDashboard-test] [           main] s.w.s.m.m.a.RequestMappingHandlerMapping : Mapped to com.nisum.productDashboard.controller.ProductController#getLowStockProducts(Integer)
2025-06-29T09:46:23.607+05:30 DEBUG 23864 --- [productDashboard-test] [           main] o.s.w.s.m.m.a.HttpEntityMethodProcessor  : Using 'application/json', given [*/*] and supported [application/json, application/*+json]
2025-06-29T09:46:23.608+05:30 DEBUG 23864 --- [productDashboard-test] [           main] o.s.w.s.m.m.a.HttpEntityMethodProcessor  : Writing [[Product{id=16, name='Coffee Mug', description='Ceramic coffee mug', price=12.99, stockQuantity=5, c (truncated)...]
]]></system-out>
  </testcase>
  <testcase name="testGetProductsByCategory_ReturnsFilteredProducts" classname="com.nisum.productDashboard.integration.ProductControllerIntegrationTest" time="0.03">
    <system-out><![CDATA[2025-06-29T09:46:23.627+05:30 DEBUG 23864 --- [productDashboard-test] [           main] s.w.s.m.m.a.RequestMappingHandlerMapping : Mapped to com.nisum.productDashboard.controller.ProductController#getProductsByCategory(String)
2025-06-29T09:46:23.638+05:30 DEBUG 23864 --- [productDashboard-test] [           main] o.s.w.s.m.m.a.HttpEntityMethodProcessor  : Using 'application/json', given [*/*] and supported [application/json, application/*+json]
2025-06-29T09:46:23.640+05:30 DEBUG 23864 --- [productDashboard-test] [           main] o.s.w.s.m.m.a.HttpEntityMethodProcessor  : Writing [[Product{id=17, name='Laptop', description='High-performance laptop', price=999.99, stockQuantity=50 (truncated)...]
]]></system-out>
  </testcase>
  <testcase name="testUpdateProduct_WhenProductNotExists_ReturnsNotFound" classname="com.nisum.productDashboard.integration.ProductControllerIntegrationTest" time="0.014">
    <system-out><![CDATA[2025-06-29T09:46:23.653+05:30 DEBUG 23864 --- [productDashboard-test] [           main] s.w.s.m.m.a.RequestMappingHandlerMapping : Mapped to com.nisum.productDashboard.controller.ProductController#updateProduct(Long, Product)
2025-06-29T09:46:23.653+05:30 DEBUG 23864 --- [productDashboard-test] [           main] m.m.a.RequestResponseBodyMethodProcessor : Read "application/json;charset=UTF-8" to [Product{id=null, name='Non-existent Product', description='Description', price=100.00, stockQuantity (truncated)...]
2025-06-29T09:46:23.656+05:30 DEBUG 23864 --- [productDashboard-test] [           main] o.s.w.s.m.m.a.HttpEntityMethodProcessor  : Using 'application/json', given [*/*] and supported [application/json, application/*+json]
2025-06-29T09:46:23.657+05:30 DEBUG 23864 --- [productDashboard-test] [           main] o.s.w.s.m.m.a.HttpEntityMethodProcessor  : Nothing to write: null body
]]></system-out>
  </testcase>
</testsuite>